\BOOKMARK [0][-]{chapter.1}{\376\377\004\047\004\060\004\101\004\102\004\114\000\040\000I\000\040\004\036\004\061\004\112\004\117\004\102\004\070\004\117}{}% 1
\BOOKMARK [1][-]{section.1.1}{\376\377\004\023\004\073\004\060\004\062\004\060\000\040\0001\000\040\004\032\004\060\004\072\000\040\004\076\004\102\004\075\004\076\004\101\004\070\004\102\004\101\004\117\000\040\004\032\004\060\004\101\004\102\004\100\004\076\000\040\004\072\000\040\004\040\004\076\004\101\004\101\004\070\004\070}{chapter.1}% 2
\BOOKMARK [1][-]{section.1.2}{\376\377\004\023\004\073\004\060\004\062\004\060\000\040\0002\000\040\004\035\004\060\004\110\000\040\004\107\004\065\004\073\004\076\004\062\004\065\004\072\000\040\004\062\000\040\004\023\004\060\004\062\004\060\004\075\004\065}{chapter.1}% 3
\BOOKMARK [1][-]{section.1.3}{\376\377\004\023\004\073\004\060\004\062\004\060\000\040\0003\000\040\004\033\004\117\000\040\004\032\004\103\004\061\004\100}{chapter.1}% 4
\BOOKMARK [1][-]{section.1.4}{\376\377\004\023\004\073\004\060\004\062\004\060\000\040\0004\000\040\004\032\004\103\004\061\004\060\000\040\000-\004\064\004\060\000,\000\040\004\117\004\075\004\072\004\070\000\040\000-\000\040\004\075\004\065\004\102\000!}{chapter.1}% 5
\BOOKMARK [0][-]{chapter.2}{\376\377\004\047\004\060\004\101\004\102\004\114\000\040\000I\000I\000\040\004\041\004\102\004\076\004\073\004\072\004\075\004\076\004\062\004\065\004\075\004\070\004\065}{}% 6
\BOOKMARK [1][-]{section.2.1}{\376\377\004\023\004\073\004\060\004\062\004\060\000\040\0001\000\040\004\027\004\060\004\073\004\070\004\062\000\040\004\032\004\076\004\107\004\070\004\075\004\076\004\101}{chapter.2}% 7
\BOOKMARK [1][-]{section.2.2}{\376\377\004\023\004\073\004\060\004\062\004\060\000\040\0002\000\040\004\043\004\100\004\076\004\072\000\040\004\077\004\100\004\065\004\067\004\070\004\064\004\065\004\075\004\102\004\103}{chapter.2}% 8
\BOOKMARK [1][-]{section.2.3}{\376\377\004\023\004\073\004\060\004\062\004\060\000\040\0003\000\040\004\032\004\076\004\075\004\064\004\076\004\100\000\040\004\070\000\040\004\034\004\060\004\075\004\063\004\103\004\101\004\102\004\060}{chapter.2}% 9
\BOOKMARK [1][-]{section.2.4}{\376\377\004\023\004\073\004\060\004\062\004\060\000\040\0004\000\040\004\042\004\100\004\103\004\064\004\075\004\076\004\101\004\102\004\070\000\040\004\062\000\040\004\042\004\100\004\076\004\077\004\070\004\072\004\060\004\105}{chapter.2}% 10
\BOOKMARK [1][-]{section.2.5}{\376\377\004\023\004\073\004\060\004\062\004\060\000\040\0005}{chapter.2}% 11
\BOOKMARK [1][-]{section.2.6}{\376\377\004\023\004\073\004\060\004\062\004\060\000\040\0006}{chapter.2}% 12
\BOOKMARK [1][-]{section.2.7}{\376\377\004\023\004\073\004\060\004\062\004\060\000\040\0007\000\040\004\042\004\065\004\077\004\065\004\100\004\114\000\040\004\074\004\113\000\040\004\074\004\076\004\066\004\065\004\074\000\040\004\077\004\076\004\064\004\064\004\060\004\102\004\114\000\040\004\062\004\060\004\074}{chapter.2}% 13
\BOOKMARK [1][-]{section.2.8}{\376\377\004\023\004\073\004\060\004\062\004\060\000\040\0008}{chapter.2}% 14
\BOOKMARK [1][-]{section.2.9}{\376\377\004\023\004\073\004\060\004\062\004\060\000\040\0009\000\040\004\040\004\060\004\072\004\065\004\102\004\075\004\113\004\071\000\040\004\072\004\100\004\070\004\067\004\070\004\101}{chapter.2}% 15
\BOOKMARK [1][-]{section.2.10}{\376\377\004\023\004\073\004\060\004\062\004\060\000\040\0001\0000}{chapter.2}% 16
\BOOKMARK [1][-]{section.2.11}{\376\377\004\023\004\073\004\060\004\062\004\060\000\040\0001\0001}{chapter.2}% 17
\BOOKMARK [0][-]{chapter.3}{\376\377\004\047\004\060\004\101\004\102\004\114\000\040\000I\000I\000I\000\040\004\037\004\076\004\101\004\073\004\065\004\064\004\101\004\102\004\062\004\070\004\117}{}% 18
\BOOKMARK [1][-]{section.3.1}{\376\377\004\023\004\073\004\060\004\062\004\060\000\040\0001\000\040\004\040\004\065\004\107\004\114\000\040\004\062\000\040\004\020\004\074\004\065\004\100\004\070\004\072\004\060\004\075\004\101\004\072\004\076\004\074\000\040\004\103\004\075\004\070\004\062\004\065\004\100\004\101\004\070\004\102\004\065\004\102\004\065}{chapter.3}% 19
\BOOKMARK [1][-]{section.3.2}{\376\377\004\023\004\073\004\060\004\062\004\060\000\040\0002}{chapter.3}% 20
